[0m[1mdocker_image.mysql_image: Refreshing state... [id=sha256:af332304d0c65ad3469204d2b0a79f81ea20c1582bd6153d69ef65f8b48dd333mysql:8.0][0m
[0m[1mdocker_volume.mysql_data: Refreshing state... [id=mysql_data][0m
[0m[1mdocker_image.nginx_image: Refreshing state... [id=sha256:2cd1d97f893f70cee86a38b7160c30e5750f3ed6ad86c598884ca9c6a563a501nginx:latest][0m
[0m[1mdocker_image.node_image: Refreshing state... [id=sha256:b50082bc3670d0396b2d90e4b0e5bb10265ba5d0ee16bf40f9a505f7045ee563node:18][0m
[0m[1mdocker_container.nginx_container: Refreshing state... [id=6aeca1967da4b800e9bdf89d07399840bde0f9e5937ce8470ddbb1ce4a61d570][0m
[0m[1mdocker_container.node_container: Refreshing state... [id=65f1b7ac7a6a13f817ed5faadc7833d10c520d3507eff8948a1fa412f0755421][0m
[0m[1mdocker_container.mysql_container: Refreshing state... [id=89dfc2ea48fcd54c250332745c4fe7b616fa016ef61abe7497e0d4df9d9634e0][0m

Terraform used the selected providers to generate the following execution
plan. Resource actions are indicated with the following symbols:
  [31m-[0m destroy[0m

Terraform will perform the following actions:

[1m  # docker_container.mysql_container[0m will be [1m[31mdestroyed[0m
[0m  [31m-[0m[0m resource "docker_container" "mysql_container" {
      [31m-[0m[0m attach                                      = false [90m-> null[0m[0m
      [31m-[0m[0m command                                     = [
          [31m-[0m[0m "mysqld",
        ] [90m-> null[0m[0m
      [31m-[0m[0m container_read_refresh_timeout_milliseconds = 15000 [90m-> null[0m[0m
      [31m-[0m[0m cpu_shares                                  = 0 [90m-> null[0m[0m
      [31m-[0m[0m dns                                         = [] [90m-> null[0m[0m
      [31m-[0m[0m dns_opts                                    = [] [90m-> null[0m[0m
      [31m-[0m[0m dns_search                                  = [] [90m-> null[0m[0m
      [31m-[0m[0m entrypoint                                  = [
          [31m-[0m[0m "docker-entrypoint.sh",
        ] [90m-> null[0m[0m
      [31m-[0m[0m env                                         = [
          [31m-[0m[0m "MYSQL_DATABASE=testdb",
          [31m-[0m[0m "MYSQL_ROOT_PASSWORD=rootpass",
        ] [90m-> null[0m[0m
      [31m-[0m[0m group_add                                   = [] [90m-> null[0m[0m
      [31m-[0m[0m hostname                                    = "89dfc2ea48fc" [90m-> null[0m[0m
      [31m-[0m[0m id                                          = "89dfc2ea48fcd54c250332745c4fe7b616fa016ef61abe7497e0d4df9d9634e0" [90m-> null[0m[0m
      [31m-[0m[0m image                                       = "sha256:af332304d0c65ad3469204d2b0a79f81ea20c1582bd6153d69ef65f8b48dd333" [90m-> null[0m[0m
      [31m-[0m[0m init                                        = false [90m-> null[0m[0m
      [31m-[0m[0m ipc_mode                                    = "private" [90m-> null[0m[0m
      [31m-[0m[0m log_driver                                  = "json-file" [90m-> null[0m[0m
      [31m-[0m[0m log_opts                                    = {} [90m-> null[0m[0m
      [31m-[0m[0m logs                                        = false [90m-> null[0m[0m
      [31m-[0m[0m max_retry_count                             = 0 [90m-> null[0m[0m
      [31m-[0m[0m memory                                      = 0 [90m-> null[0m[0m
      [31m-[0m[0m memory_swap                                 = 0 [90m-> null[0m[0m
      [31m-[0m[0m must_run                                    = true [90m-> null[0m[0m
      [31m-[0m[0m name                                        = "mysql_terraform" [90m-> null[0m[0m
      [31m-[0m[0m network_data                                = [
          [31m-[0m[0m {
              [31m-[0m[0m gateway                   = "172.17.0.1"
              [31m-[0m[0m global_ipv6_prefix_length = 0
              [31m-[0m[0m ip_address                = "172.17.0.3"
              [31m-[0m[0m ip_prefix_length          = 16
              [31m-[0m[0m mac_address               = "02:42:ac:11:00:03"
              [31m-[0m[0m network_name              = "bridge"
                [90m# (2 unchanged attributes hidden)[0m[0m
            },
        ] [90m-> null[0m[0m
      [31m-[0m[0m network_mode                                = "bridge" [90m-> null[0m[0m
      [31m-[0m[0m privileged                                  = false [90m-> null[0m[0m
      [31m-[0m[0m publish_all_ports                           = false [90m-> null[0m[0m
      [31m-[0m[0m read_only                                   = false [90m-> null[0m[0m
      [31m-[0m[0m remove_volumes                              = true [90m-> null[0m[0m
      [31m-[0m[0m restart                                     = "no" [90m-> null[0m[0m
      [31m-[0m[0m rm                                          = false [90m-> null[0m[0m
      [31m-[0m[0m runtime                                     = "runc" [90m-> null[0m[0m
      [31m-[0m[0m security_opts                               = [] [90m-> null[0m[0m
      [31m-[0m[0m shm_size                                    = 64 [90m-> null[0m[0m
      [31m-[0m[0m start                                       = true [90m-> null[0m[0m
      [31m-[0m[0m stdin_open                                  = false [90m-> null[0m[0m
      [31m-[0m[0m stop_timeout                                = 0 [90m-> null[0m[0m
      [31m-[0m[0m storage_opts                                = {} [90m-> null[0m[0m
      [31m-[0m[0m sysctls                                     = {} [90m-> null[0m[0m
      [31m-[0m[0m tmpfs                                       = {} [90m-> null[0m[0m
      [31m-[0m[0m tty                                         = false [90m-> null[0m[0m
      [31m-[0m[0m wait                                        = false [90m-> null[0m[0m
      [31m-[0m[0m wait_timeout                                = 60 [90m-> null[0m[0m
      [31m-[0m[0m working_dir                                 = "/" [90m-> null[0m[0m
        [90m# (7 unchanged attributes hidden)[0m[0m

      [31m-[0m[0m ports {
          [31m-[0m[0m external = 3306 [90m-> null[0m[0m
          [31m-[0m[0m internal = 3306 [90m-> null[0m[0m
          [31m-[0m[0m ip       = "0.0.0.0" [90m-> null[0m[0m
          [31m-[0m[0m protocol = "tcp" [90m-> null[0m[0m
        }

      [31m-[0m[0m volumes {
          [31m-[0m[0m container_path = "/var/lib/mysql" [90m-> null[0m[0m
          [31m-[0m[0m read_only      = false [90m-> null[0m[0m
          [31m-[0m[0m volume_name    = "mysql_data" [90m-> null[0m[0m
            [90m# (2 unchanged attributes hidden)[0m[0m
        }
    }

[1m  # docker_container.nginx_container[0m will be [1m[31mdestroyed[0m
[0m  [31m-[0m[0m resource "docker_container" "nginx_container" {
      [31m-[0m[0m attach                                      = false [90m-> null[0m[0m
      [31m-[0m[0m command                                     = [
          [31m-[0m[0m "nginx",
          [31m-[0m[0m "-g",
          [31m-[0m[0m "daemon off;",
        ] [90m-> null[0m[0m
      [31m-[0m[0m container_read_refresh_timeout_milliseconds = 15000 [90m-> null[0m[0m
      [31m-[0m[0m cpu_shares                                  = 0 [90m-> null[0m[0m
      [31m-[0m[0m dns                                         = [] [90m-> null[0m[0m
      [31m-[0m[0m dns_opts                                    = [] [90m-> null[0m[0m
      [31m-[0m[0m dns_search                                  = [] [90m-> null[0m[0m
      [31m-[0m[0m entrypoint                                  = [
          [31m-[0m[0m "/docker-entrypoint.sh",
        ] [90m-> null[0m[0m
      [31m-[0m[0m env                                         = [] [90m-> null[0m[0m
      [31m-[0m[0m group_add                                   = [] [90m-> null[0m[0m
      [31m-[0m[0m hostname                                    = "6aeca1967da4" [90m-> null[0m[0m
      [31m-[0m[0m id                                          = "6aeca1967da4b800e9bdf89d07399840bde0f9e5937ce8470ddbb1ce4a61d570" [90m-> null[0m[0m
      [31m-[0m[0m image                                       = "sha256:2cd1d97f893f70cee86a38b7160c30e5750f3ed6ad86c598884ca9c6a563a501" [90m-> null[0m[0m
      [31m-[0m[0m init                                        = false [90m-> null[0m[0m
      [31m-[0m[0m ipc_mode                                    = "private" [90m-> null[0m[0m
      [31m-[0m[0m log_driver                                  = "json-file" [90m-> null[0m[0m
      [31m-[0m[0m log_opts                                    = {} [90m-> null[0m[0m
      [31m-[0m[0m logs                                        = false [90m-> null[0m[0m
      [31m-[0m[0m max_retry_count                             = 0 [90m-> null[0m[0m
      [31m-[0m[0m memory                                      = 0 [90m-> null[0m[0m
      [31m-[0m[0m memory_swap                                 = 0 [90m-> null[0m[0m
      [31m-[0m[0m must_run                                    = true [90m-> null[0m[0m
      [31m-[0m[0m name                                        = "nginx_terraform" [90m-> null[0m[0m
      [31m-[0m[0m network_data                                = [
          [31m-[0m[0m {
              [31m-[0m[0m gateway                   = "172.17.0.1"
              [31m-[0m[0m global_ipv6_prefix_length = 0
              [31m-[0m[0m ip_address                = "172.17.0.2"
              [31m-[0m[0m ip_prefix_length          = 16
              [31m-[0m[0m mac_address               = "02:42:ac:11:00:02"
              [31m-[0m[0m network_name              = "bridge"
                [90m# (2 unchanged attributes hidden)[0m[0m
            },
        ] [90m-> null[0m[0m
      [31m-[0m[0m network_mode                                = "bridge" [90m-> null[0m[0m
      [31m-[0m[0m privileged                                  = false [90m-> null[0m[0m
      [31m-[0m[0m publish_all_ports                           = false [90m-> null[0m[0m
      [31m-[0m[0m read_only                                   = false [90m-> null[0m[0m
      [31m-[0m[0m remove_volumes                              = true [90m-> null[0m[0m
      [31m-[0m[0m restart                                     = "no" [90m-> null[0m[0m
      [31m-[0m[0m rm                                          = false [90m-> null[0m[0m
      [31m-[0m[0m runtime                                     = "runc" [90m-> null[0m[0m
      [31m-[0m[0m security_opts                               = [] [90m-> null[0m[0m
      [31m-[0m[0m shm_size                                    = 64 [90m-> null[0m[0m
      [31m-[0m[0m start                                       = true [90m-> null[0m[0m
      [31m-[0m[0m stdin_open                                  = false [90m-> null[0m[0m
      [31m-[0m[0m stop_signal                                 = "SIGQUIT" [90m-> null[0m[0m
      [31m-[0m[0m stop_timeout                                = 0 [90m-> null[0m[0m
      [31m-[0m[0m storage_opts                                = {} [90m-> null[0m[0m
      [31m-[0m[0m sysctls                                     = {} [90m-> null[0m[0m
      [31m-[0m[0m tmpfs                                       = {} [90m-> null[0m[0m
      [31m-[0m[0m tty                                         = false [90m-> null[0m[0m
      [31m-[0m[0m wait                                        = false [90m-> null[0m[0m
      [31m-[0m[0m wait_timeout                                = 60 [90m-> null[0m[0m
        [90m# (7 unchanged attributes hidden)[0m[0m

      [31m-[0m[0m ports {
          [31m-[0m[0m external = 8080 [90m-> null[0m[0m
          [31m-[0m[0m internal = 80 [90m-> null[0m[0m
          [31m-[0m[0m ip       = "0.0.0.0" [90m-> null[0m[0m
          [31m-[0m[0m protocol = "tcp" [90m-> null[0m[0m
        }
    }

[1m  # docker_container.node_container[0m will be [1m[31mdestroyed[0m
[0m  [31m-[0m[0m resource "docker_container" "node_container" {
      [31m-[0m[0m attach                                      = false [90m-> null[0m[0m
      [31m-[0m[0m command                                     = [
          [31m-[0m[0m "node",
          [31m-[0m[0m "-e",
          [31m-[0m[0m "require('http').createServer((req,res)=>res.end('Hello from Node.js')).listen(3000)",
        ] [90m-> null[0m[0m
      [31m-[0m[0m container_read_refresh_timeout_milliseconds = 15000 [90m-> null[0m[0m
      [31m-[0m[0m cpu_shares                                  = 0 [90m-> null[0m[0m
      [31m-[0m[0m dns                                         = [] [90m-> null[0m[0m
      [31m-[0m[0m dns_opts                                    = [] [90m-> null[0m[0m
      [31m-[0m[0m dns_search                                  = [] [90m-> null[0m[0m
      [31m-[0m[0m entrypoint                                  = [
          [31m-[0m[0m "docker-entrypoint.sh",
        ] [90m-> null[0m[0m
      [31m-[0m[0m env                                         = [] [90m-> null[0m[0m
      [31m-[0m[0m group_add                                   = [] [90m-> null[0m[0m
      [31m-[0m[0m hostname                                    = "65f1b7ac7a6a" [90m-> null[0m[0m
      [31m-[0m[0m id                                          = "65f1b7ac7a6a13f817ed5faadc7833d10c520d3507eff8948a1fa412f0755421" [90m-> null[0m[0m
      [31m-[0m[0m image                                       = "sha256:b50082bc3670d0396b2d90e4b0e5bb10265ba5d0ee16bf40f9a505f7045ee563" [90m-> null[0m[0m
      [31m-[0m[0m init                                        = false [90m-> null[0m[0m
      [31m-[0m[0m ipc_mode                                    = "private" [90m-> null[0m[0m
      [31m-[0m[0m log_driver                                  = "json-file" [90m-> null[0m[0m
      [31m-[0m[0m log_opts                                    = {} [90m-> null[0m[0m
      [31m-[0m[0m logs                                        = false [90m-> null[0m[0m
      [31m-[0m[0m max_retry_count                             = 0 [90m-> null[0m[0m
      [31m-[0m[0m memory                                      = 0 [90m-> null[0m[0m
      [31m-[0m[0m memory_swap                                 = 0 [90m-> null[0m[0m
      [31m-[0m[0m must_run                                    = true [90m-> null[0m[0m
      [31m-[0m[0m name                                        = "nodejs_terraform" [90m-> null[0m[0m
      [31m-[0m[0m network_data                                = [
          [31m-[0m[0m {
              [31m-[0m[0m gateway                   = "172.17.0.1"
              [31m-[0m[0m global_ipv6_prefix_length = 0
              [31m-[0m[0m ip_address                = "172.17.0.4"
              [31m-[0m[0m ip_prefix_length          = 16
              [31m-[0m[0m mac_address               = "02:42:ac:11:00:04"
              [31m-[0m[0m network_name              = "bridge"
                [90m# (2 unchanged attributes hidden)[0m[0m
            },
        ] [90m-> null[0m[0m
      [31m-[0m[0m network_mode                                = "bridge" [90m-> null[0m[0m
      [31m-[0m[0m privileged                                  = false [90m-> null[0m[0m
      [31m-[0m[0m publish_all_ports                           = false [90m-> null[0m[0m
      [31m-[0m[0m read_only                                   = false [90m-> null[0m[0m
      [31m-[0m[0m remove_volumes                              = true [90m-> null[0m[0m
      [31m-[0m[0m restart                                     = "no" [90m-> null[0m[0m
      [31m-[0m[0m rm                                          = false [90m-> null[0m[0m
      [31m-[0m[0m runtime                                     = "runc" [90m-> null[0m[0m
      [31m-[0m[0m security_opts                               = [] [90m-> null[0m[0m
      [31m-[0m[0m shm_size                                    = 64 [90m-> null[0m[0m
      [31m-[0m[0m start                                       = true [90m-> null[0m[0m
      [31m-[0m[0m stdin_open                                  = false [90m-> null[0m[0m
      [31m-[0m[0m stop_timeout                                = 0 [90m-> null[0m[0m
      [31m-[0m[0m storage_opts                                = {} [90m-> null[0m[0m
      [31m-[0m[0m sysctls                                     = {} [90m-> null[0m[0m
      [31m-[0m[0m tmpfs                                       = {} [90m-> null[0m[0m
      [31m-[0m[0m tty                                         = false [90m-> null[0m[0m
      [31m-[0m[0m wait                                        = false [90m-> null[0m[0m
      [31m-[0m[0m wait_timeout                                = 60 [90m-> null[0m[0m
        [90m# (8 unchanged attributes hidden)[0m[0m

      [31m-[0m[0m ports {
          [31m-[0m[0m external = 3000 [90m-> null[0m[0m
          [31m-[0m[0m internal = 3000 [90m-> null[0m[0m
          [31m-[0m[0m ip       = "0.0.0.0" [90m-> null[0m[0m
          [31m-[0m[0m protocol = "tcp" [90m-> null[0m[0m
        }
    }

[1m  # docker_image.mysql_image[0m will be [1m[31mdestroyed[0m
[0m  [31m-[0m[0m resource "docker_image" "mysql_image" {
      [31m-[0m[0m id          = "sha256:af332304d0c65ad3469204d2b0a79f81ea20c1582bd6153d69ef65f8b48dd333mysql:8.0" [90m-> null[0m[0m
      [31m-[0m[0m image_id    = "sha256:af332304d0c65ad3469204d2b0a79f81ea20c1582bd6153d69ef65f8b48dd333" [90m-> null[0m[0m
      [31m-[0m[0m name        = "mysql:8.0" [90m-> null[0m[0m
      [31m-[0m[0m repo_digest = "mysql@sha256:e95435ce9c6b5507dc38ba2bf4da9d8d91d6a5d55045e70c0ffc4befd66b1eae" [90m-> null[0m[0m
    }

[1m  # docker_image.nginx_image[0m will be [1m[31mdestroyed[0m
[0m  [31m-[0m[0m resource "docker_image" "nginx_image" {
      [31m-[0m[0m id          = "sha256:2cd1d97f893f70cee86a38b7160c30e5750f3ed6ad86c598884ca9c6a563a501nginx:latest" [90m-> null[0m[0m
      [31m-[0m[0m image_id    = "sha256:2cd1d97f893f70cee86a38b7160c30e5750f3ed6ad86c598884ca9c6a563a501" [90m-> null[0m[0m
      [31m-[0m[0m name        = "nginx:latest" [90m-> null[0m[0m
      [31m-[0m[0m repo_digest = "nginx@sha256:84ec966e61a8c7846f509da7eb081c55c1d56817448728924a87ab32f12a72fb" [90m-> null[0m[0m
    }

[1m  # docker_image.node_image[0m will be [1m[31mdestroyed[0m
[0m  [31m-[0m[0m resource "docker_image" "node_image" {
      [31m-[0m[0m id          = "sha256:b50082bc3670d0396b2d90e4b0e5bb10265ba5d0ee16bf40f9a505f7045ee563node:18" [90m-> null[0m[0m
      [31m-[0m[0m image_id    = "sha256:b50082bc3670d0396b2d90e4b0e5bb10265ba5d0ee16bf40f9a505f7045ee563" [90m-> null[0m[0m
      [31m-[0m[0m name        = "node:18" [90m-> null[0m[0m
      [31m-[0m[0m repo_digest = "node@sha256:c6ae79e38498325db67193d391e6ec1d224d96c693a8a4d943498556716d3783" [90m-> null[0m[0m
    }

[1m  # docker_volume.mysql_data[0m will be [1m[31mdestroyed[0m
[0m  [31m-[0m[0m resource "docker_volume" "mysql_data" {
      [31m-[0m[0m driver      = "local" [90m-> null[0m[0m
      [31m-[0m[0m driver_opts = {} [90m-> null[0m[0m
      [31m-[0m[0m id          = "mysql_data" [90m-> null[0m[0m
      [31m-[0m[0m mountpoint  = "/var/lib/docker/volumes/mysql_data/_data" [90m-> null[0m[0m
      [31m-[0m[0m name        = "mysql_data" [90m-> null[0m[0m
    }

[1mPlan:[0m 0 to add, 0 to change, 7 to destroy.
[0m[0m[1mdocker_container.mysql_container: Destroying... [id=89dfc2ea48fcd54c250332745c4fe7b616fa016ef61abe7497e0d4df9d9634e0][0m[0m
[0m[1mdocker_container.nginx_container: Destroying... [id=6aeca1967da4b800e9bdf89d07399840bde0f9e5937ce8470ddbb1ce4a61d570][0m[0m
[0m[1mdocker_container.node_container: Destroying... [id=65f1b7ac7a6a13f817ed5faadc7833d10c520d3507eff8948a1fa412f0755421][0m[0m
[0m[1mdocker_container.node_container: Destruction complete after 0s[0m
[0m[1mdocker_container.mysql_container: Destruction complete after 0s[0m
[0m[1mdocker_volume.mysql_data: Destroying... [id=mysql_data][0m[0m
[0m[1mdocker_image.mysql_image: Destroying... [id=sha256:af332304d0c65ad3469204d2b0a79f81ea20c1582bd6153d69ef65f8b48dd333mysql:8.0][0m[0m
[0m[1mdocker_image.node_image: Destroying... [id=sha256:b50082bc3670d0396b2d90e4b0e5bb10265ba5d0ee16bf40f9a505f7045ee563node:18][0m[0m
[0m[1mdocker_container.nginx_container: Destruction complete after 0s[0m
[0m[1mdocker_image.nginx_image: Destroying... [id=sha256:2cd1d97f893f70cee86a38b7160c30e5750f3ed6ad86c598884ca9c6a563a501nginx:latest][0m[0m
[0m[1mdocker_volume.mysql_data: Destruction complete after 2s[0m
[0m[1mdocker_image.node_image: Destruction complete after 4s[0m
[0m[1mdocker_image.mysql_image: Destruction complete after 5s[0m
[0m[1mdocker_image.nginx_image: Destruction complete after 6s[0m
[0m[1m[32m
Destroy complete! Resources: 7 destroyed.
[0m